Arguments: 
  /home/sinnomac/.anyenv/envs/nodenv/versions/12.13.1/bin/node /home/sinnomac/.anyenv/envs/nodenv/versions/12.13.1/bin/yarn start

PATH: 
  /home/sinnomac/.anyenv/envs/nodenv/versions/12.13.1/bin:/home/sinnomac/.anyenv/envs/nodenv/libexec:/home/sinnomac/.anyenv/envs/nodenv/plugins/nodenv-vars/bin:/home/sinnomac/.anyenv/envs/nodenv/plugins/node-build/bin:/home/sinnomac/.nvm/versions/node/v12.20.2/bin:/home/linuxbrew/.linuxbrew/bin:/home/linuxbrew/.linuxbrew/bin:/home/sinnomac/.cache/cloud-code/installer/google-cloud-sdk/bin:/home/sinnomac/.vscode-server/bin/fd6f3bce6709b121a895d042d343d71f317d74e7/bin:/home/sinnomac/.local/bin:/home/sinnomac/.anyenv/envs/nodenv/shims:/home/sinnomac/.anyenv/envs/nodenv/bin:/home/linuxbrew/.linuxbrew/bin:/usr/local/bin:/usr/bin:/bin:/usr/local/games:/usr/games

Yarn version: 
  1.22.10

Node version: 
  12.13.1

Platform: 
  linux x64

Trace: 
  SyntaxError: /home/sinnomac/test_node/package.json: Unexpected string in JSON at position 154
      at JSON.parse (<anonymous>)
      at /home/sinnomac/.anyenv/envs/nodenv/versions/12.13.1/lib/node_modules/yarn/lib/cli.js:1625:59
      at Generator.next (<anonymous>)
      at step (/home/sinnomac/.anyenv/envs/nodenv/versions/12.13.1/lib/node_modules/yarn/lib/cli.js:310:30)
      at /home/sinnomac/.anyenv/envs/nodenv/versions/12.13.1/lib/node_modules/yarn/lib/cli.js:321:13

npm manifest: 
  {
    "name": "test_node",
    "version": "1.0.0",
    "description": "Learning Node.js",
    "main": "index.js",
    "scripts": {
      "start": "node index.js"
      "test": "echo \"Error: no test specified\" && exit 1"
    },
    "repository": {
      "type": "git",
      "url": "git+https://github.com/sinno666/test_node.git"
    },
    "author": "",
    "license": "ISC",
    "bugs": {
      "url": "https://github.com/sinno666/test_node/issues"
    },
    "homepage": "https://github.com/sinno666/test_node#readme",
    "dependencies": {
      "colors": "^1.4.0"
    }
  }

yarn manifest: 
  No manifest

Lockfile: 
  # THIS IS AN AUTOGENERATED FILE. DO NOT EDIT THIS FILE DIRECTLY.
  # yarn lockfile v1
  
  
  colors@^1.4.0:
    version "1.4.0"
    resolved "https://registry.yarnpkg.com/colors/-/colors-1.4.0.tgz#c50491479d4c1bdaed2c9ced32cf7c7dc2360f78"
    integrity sha512-a+UqTh4kgZg/SlGvfbzDHpgRu7AAQOmmqRHJnxhRZICKFUT91brVhNNt58CMWU9PsBbv3PDCZUHbVxuDiH2mtA==
